  main.cpp
d:\program files\vs_project\points-matching\points matching\header.h(81): warning C4267: “初始化”: 从“size_t”转换到“int”，可能丢失数据
d:\program files\vs_project\points-matching\points matching\header.h(554): warning C4267: “初始化”: 从“size_t”转换到“int”，可能丢失数据
d:\program files\vs_project\points-matching\points matching\header.h(554): warning C4267: “初始化”: 从“size_t”转换到“const int”，可能丢失数据
d:\program files\vs_project\points-matching\points matching\header.h(585): warning C4244: “*=”: 从“const double”转换到“float”，可能丢失数据
d:\program files\vs_project\points-matching\points matching\header.h(586): warning C4244: “*=”: 从“const double”转换到“float”，可能丢失数据
d:\program files\vs_project\points-matching\points matching\header.h(598): warning C4267: “初始化”: 从“size_t”转换到“int”，可能丢失数据
d:\program files\vs_project\points-matching\points matching\header.h(598): warning C4267: “初始化”: 从“size_t”转换到“const int”，可能丢失数据
d:\program files\vs_project\points-matching\points matching\header.h(666): warning C4267: “初始化”: 从“size_t”转换到“int”，可能丢失数据
d:\program files\vs_project\points-matching\points matching\header.h(666): warning C4267: “初始化”: 从“size_t”转换到“const int”，可能丢失数据
d:\program files\vs_project\points-matching\points matching\header.h(781): warning C4267: “参数”: 从“size_t”转换到“int”，可能丢失数据
d:\program files\vs_project\points-matching\points matching\header.h(850): warning C4267: “参数”: 从“size_t”转换到“int”，可能丢失数据
d:\program files\vs_project\points-matching\points matching\main.cpp(122): warning C4244: “初始化”: 从“float”转换到“int”，可能丢失数据
d:\program files\vs_project\points-matching\points matching\main.cpp(123): warning C4244: “初始化”: 从“float”转换到“int”，可能丢失数据
d:\program files\vs_project\points-matching\points matching\main.cpp(124): warning C4244: “初始化”: 从“float”转换到“int”，可能丢失数据
d:\program files\vs_project\points-matching\points matching\main.cpp(125): warning C4244: “初始化”: 从“float”转换到“int”，可能丢失数据
d:\program files\vs_project\points-matching\points matching\main.cpp(176): warning C4244: “参数”: 从“double”转换到“int”，可能丢失数据
d:\program files\vs_project\points-matching\points matching\main.cpp(182): warning C4244: “参数”: 从“double”转换到“int”，可能丢失数据
d:\program files\vs_project\points-matching\points matching\main.cpp(215): warning C4244: “参数”: 从“float”转换到“int”，可能丢失数据
d:\program files\vs_project\points-matching\points matching\main.cpp(224): warning C4244: “参数”: 从“double”转换到“int”，可能丢失数据
d:\program files\vs_project\points-matching\points matching\main.cpp(231): warning C4244: “参数”: 从“double”转换到“int”，可能丢失数据
d:\program files\vs_project\points-matching\points matching\main.cpp(399): warning C4244: “参数”: 从“float”转换到“int”，可能丢失数据
d:\program files\vs_project\points-matching\points matching\main.cpp(401): warning C4244: “参数”: 从“float”转换到“int”，可能丢失数据
d:\program files\vs_project\points-matching\points matching\main.cpp(408): warning C4244: “参数”: 从“float”转换到“int”，可能丢失数据
d:\program files\vs_project\points-matching\points matching\main.cpp(410): warning C4244: “参数”: 从“float”转换到“int”，可能丢失数据
  Points Matching.vcxproj -> D:\Program Files\VS_Project\Points-Matching\x64\Debug\Points Matching.exe
  Points Matching.vcxproj -> D:\Program Files\VS_Project\Points-Matching\x64\Debug\Points Matching.pdb (Full PDB)
